<?xml version="1.0" encoding="UTF-8"?>
<!-- Generated by org.testng.reporters.JUnitReportReporter -->
<testsuite skipped="0" hostname="Macbooks-MacBook-Pro.local" name="com.aib.authapp.e2e_authapp_testfw.OnBoardingTest" tests="2" failures="0" timestamp="2020-09-11T15:13:24 BST" time="217.881" errors="0">
  <testcase name="onBoarding_iPhoneTest" time="118.526" classname="com.aib.authapp.e2e_authapp_testfw.OnBoardingTest"/>
  <testcase name="onBoarding_androidTest" time="99.355" classname="com.aib.authapp.e2e_authapp_testfw.OnBoardingTest"/>
</testsuite> <!-- com.aib.authapp.e2e_authapp_testfw.OnBoardingTest -->
