<?xml version="1.0" encoding="UTF-8"?>
<!-- Generated by org.testng.reporters.JUnitReportReporter -->
<testsuite skipped="0" hostname="Macbooks-MacBook-Pro.local" name="com.aib.authapp.e2e_authapp_testfw.AuthApp_e2eTest" tests="1" failures="0" timestamp="2020-10-01T21:46:22 BST" time="295.291" errors="0">
  <testcase name="authApp_e2e_iPhoneTest" time="295.291" classname="com.aib.authapp.e2e_authapp_testfw.AuthApp_e2eTest"/>
</testsuite> <!-- com.aib.authapp.e2e_authapp_testfw.AuthApp_e2eTest -->
