<?xml version="1.0" encoding="UTF-8"?>
<!-- Generated by org.testng.reporters.JUnitReportReporter -->
<testsuite skipped="0" hostname="Macbooks-MacBook-Pro.local" name="com.aib.authapp.e2e_authapp_testfw.OnBoardingTest" tests="2" failures="0" timestamp="2020-08-12T13:03:57 BST" time="166.157" errors="0">
  <testcase name="onBoarding_iPhoneTest" time="74.302" classname="com.aib.authapp.e2e_authapp_testfw.OnBoardingTest"/>
  <testcase name="onBoarding_androidTest" time="91.855" classname="com.aib.authapp.e2e_authapp_testfw.OnBoardingTest"/>
</testsuite> <!-- com.aib.authapp.e2e_authapp_testfw.OnBoardingTest -->
